<!DOCTYPE html PUBLIC "-//W3C//DTD XHTML 1.1//EN" "http://www.w3.org/TR/xhtml11/DTD/xhtml11.dtd">
<html xmlns="http://www.w3.org/1999/xhtml">
<head>
<meta http-equiv="content-type" content="text/html; charset=UTF-8"/>
<title>TestNG Report</title>
<style type="text/css">table {margin-bottom:10px;border-collapse:collapse;empty-cells:show}th,td {border:1px solid #009;padding:.25em .5em}th {vertical-align:bottom}td {vertical-align:top}table a {font-weight:bold}.stripe td {background-color: #E6EBF9}.num {text-align:right}.passedodd td {background-color: #3F3}.passedeven td {background-color: #0A0}.skippedodd td {background-color: #DDD}.skippedeven td {background-color: #CCC}.failedodd td,.attn {background-color: #F33}.failedeven td,.stripe .attn {background-color: #D00}.stacktrace {white-space:pre;font-family:monospace}.totop {font-size:85%;text-align:center;border-bottom:2px solid #000}.invisible {display:none}</style>
</head>
<body>
<table>
<tr><th>Test</th><th># Passed</th><th># Skipped</th><th># Failed</th><th>Time (ms)</th><th>Included Groups</th><th>Excluded Groups</th></tr>
<tr><th colspan="7">ApiLogin</th></tr>
<tr><td><a href="#t0">ApiLoginTest</a></td><td class="num">0</td><td class="num">0</td><td class="num attn">5</td><td class="num">970</td><td></td><td></td></tr>
</table>
<table id='summary'><thead><tr><th>Class</th><th>Method</th><th>Start</th><th>Time (ms)</th></tr></thead><tbody><tr><th colspan="4">ApiLogin</th></tr></tbody><tbody id="t0"><tr><th colspan="4">ApiLoginTest &#8212; failed</th></tr><tr class="failedeven"><td rowspan="5">com.qa.api.testcases.LoginTest</td><td><a href="#m0">loginTest</a></td><td rowspan="5">1637823073738</td><td rowspan="5">86</td></tr><tr class="failedeven"><td><a href="#m1">loginTest</a></td></tr><tr class="failedeven"><td><a href="#m2">loginTest</a></td></tr><tr class="failedeven"><td><a href="#m3">loginTest</a></td></tr><tr class="failedeven"><td><a href="#m4">loginTest</a></td></tr></tbody>
</table>
<h2>ApiLoginTest</h2><h3 id="m0">com.qa.api.testcases.LoginTest#loginTest</h3><table class="result"><tr class="param"><th>Parameter #1</th><th>Parameter #2</th><th>Parameter #3</th><th>Parameter #4</th></tr><tr class="param stripe"><td>org.testng.TestRunner@24959ca4</td><td></td><td>qwe12345</td><td>用户名不输入密码输入</td></tr><tr><th colspan="4">Messages</th></tr><tr><td colspan="4"><div class="messages">[electronicCustomizationAutoTest&nbsp;2021-11-25 星期四 14:51:13]&nbsp;&nbsp;开始调用<b>loginTest</b>函数(ApiLogin::ApiLoginTest::com.qa.api.testcases.LoginTest)<br/>[electronicCustomizationAutoTest&nbsp;2021-11-25 星期四 14:51:13]&nbsp;&nbsp;<b>loginTest</b>函数调用结束</div></td></tr><tr><th colspan="4">Exception</th></tr><tr><td colspan="4"><div class="stacktrace">java.lang.AssertionError: expected [200] but found [404]
	at com.qa.util.HttpClientUtil.httpPostCookieUtil(HttpClientUtil.java:506)
	at com.qa.api.testcases.LoginTest.login(LoginTest.java:48)
	at com.qa.api.testcases.LoginTest.loginTest(LoginTest.java:19)
... Removed 31 stack frames</div></td></tr></table><p class="totop"><a href="#summary">back to summary</a></p>
<h3 id="m1">com.qa.api.testcases.LoginTest#loginTest</h3><table class="result"><tr class="param"><th>Parameter #1</th><th>Parameter #2</th><th>Parameter #3</th><th>Parameter #4</th></tr><tr class="param stripe"><td>org.testng.TestRunner@24959ca4</td><td>18937165373</td><td>qwe12345</td><td>用户名密码都正确</td></tr><tr><th colspan="4">Messages</th></tr><tr><td colspan="4"><div class="messages">[electronicCustomizationAutoTest&nbsp;2021-11-25 星期四 14:51:13]&nbsp;&nbsp;开始调用<b>loginTest</b>函数(ApiLogin::ApiLoginTest::com.qa.api.testcases.LoginTest)<br/>[electronicCustomizationAutoTest&nbsp;2021-11-25 星期四 14:51:14]&nbsp;&nbsp;<b>loginTest</b>函数调用结束</div></td></tr><tr><th colspan="4">Exception</th></tr><tr><td colspan="4"><div class="stacktrace">java.lang.AssertionError: expected [200] but found [404]
	at com.qa.util.HttpClientUtil.httpPostCookieUtil(HttpClientUtil.java:506)
	at com.qa.api.testcases.LoginTest.login(LoginTest.java:48)
	at com.qa.api.testcases.LoginTest.loginTest(LoginTest.java:19)
... Removed 31 stack frames</div></td></tr></table><p class="totop"><a href="#summary">back to summary</a></p>
<h3 id="m2">com.qa.api.testcases.LoginTest#loginTest</h3><table class="result"><tr class="param"><th>Parameter #1</th><th>Parameter #2</th><th>Parameter #3</th><th>Parameter #4</th></tr><tr class="param stripe"><td>org.testng.TestRunner@24959ca4</td><td>18937165373</td><td></td><td>用户名输入密码不输入</td></tr><tr><th colspan="4">Messages</th></tr><tr><td colspan="4"><div class="messages">[electronicCustomizationAutoTest&nbsp;2021-11-25 星期四 14:51:13]&nbsp;&nbsp;开始调用<b>loginTest</b>函数(ApiLogin::ApiLoginTest::com.qa.api.testcases.LoginTest)<br/>[electronicCustomizationAutoTest&nbsp;2021-11-25 星期四 14:51:13]&nbsp;&nbsp;<b>loginTest</b>函数调用结束</div></td></tr><tr><th colspan="4">Exception</th></tr><tr><td colspan="4"><div class="stacktrace">java.lang.AssertionError: expected [200] but found [404]
	at com.qa.util.HttpClientUtil.httpPostCookieUtil(HttpClientUtil.java:506)
	at com.qa.api.testcases.LoginTest.login(LoginTest.java:48)
	at com.qa.api.testcases.LoginTest.loginTest(LoginTest.java:19)
... Removed 31 stack frames</div></td></tr></table><p class="totop"><a href="#summary">back to summary</a></p>
<h3 id="m3">com.qa.api.testcases.LoginTest#loginTest</h3><table class="result"><tr class="param"><th>Parameter #1</th><th>Parameter #2</th><th>Parameter #3</th><th>Parameter #4</th></tr><tr class="param stripe"><td>org.testng.TestRunner@24959ca4</td><td></td><td></td><td>用户名密码都为空时</td></tr><tr><th colspan="4">Messages</th></tr><tr><td colspan="4"><div class="messages">[electronicCustomizationAutoTest&nbsp;2021-11-25 星期四 14:51:13]&nbsp;&nbsp;开始调用<b>loginTest</b>函数(ApiLogin::ApiLoginTest::com.qa.api.testcases.LoginTest)<br/>[electronicCustomizationAutoTest&nbsp;2021-11-25 星期四 14:51:13]&nbsp;&nbsp;<b>loginTest</b>函数调用结束</div></td></tr><tr><th colspan="4">Exception</th></tr><tr><td colspan="4"><div class="stacktrace">java.lang.AssertionError: expected [200] but found [404]
	at com.qa.util.HttpClientUtil.httpPostCookieUtil(HttpClientUtil.java:506)
	at com.qa.api.testcases.LoginTest.login(LoginTest.java:48)
	at com.qa.api.testcases.LoginTest.loginTest(LoginTest.java:19)
... Removed 31 stack frames</div></td></tr></table><p class="totop"><a href="#summary">back to summary</a></p>
<h3 id="m4">com.qa.api.testcases.LoginTest#loginTest</h3><table class="result"><tr class="param"><th>Parameter #1</th><th>Parameter #2</th><th>Parameter #3</th><th>Parameter #4</th></tr><tr class="param stripe"><td>org.testng.TestRunner@24959ca4</td><td>18937165373</td><td>123</td><td>用户名正确密码错误</td></tr><tr><th colspan="4">Messages</th></tr><tr><td colspan="4"><div class="messages">[electronicCustomizationAutoTest&nbsp;2021-11-25 星期四 14:51:13]&nbsp;&nbsp;开始调用<b>loginTest</b>函数(ApiLogin::ApiLoginTest::com.qa.api.testcases.LoginTest)<br/>[electronicCustomizationAutoTest&nbsp;2021-11-25 星期四 14:51:13]&nbsp;&nbsp;<b>loginTest</b>函数调用结束</div></td></tr><tr><th colspan="4">Exception</th></tr><tr><td colspan="4"><div class="stacktrace">java.lang.AssertionError: expected [200] but found [404]
	at com.qa.util.HttpClientUtil.httpPostCookieUtil(HttpClientUtil.java:506)
	at com.qa.api.testcases.LoginTest.login(LoginTest.java:48)
	at com.qa.api.testcases.LoginTest.loginTest(LoginTest.java:19)
... Removed 31 stack frames</div></td></tr></table><p class="totop"><a href="#summary">back to summary</a></p>
</body>
</html>
