<html>
<head>
<title>TestNG:  ApiLoginTest</title>
<link href="../testng.css" rel="stylesheet" type="text/css" />
<link href="../my-testng.css" rel="stylesheet" type="text/css" />

<style type="text/css">
.log { display: none;} 
.stack-trace { display: none;} 
</style>
<script type="text/javascript">
<!--
function flip(e) {
  current = e.style.display;
  if (current == 'block') {
    e.style.display = 'none';
    return 0;
  }
  else {
    e.style.display = 'block';
    return 1;
  }
}

function toggleBox(szDivId, elem, msg1, msg2)
{
  var res = -1;  if (document.getElementById) {
    res = flip(document.getElementById(szDivId));
  }
  else if (document.all) {
    // this is the way old msie versions work
    res = flip(document.all[szDivId]);
  }
  if(elem) {
    if(res == 0) elem.innerHTML = msg1; else elem.innerHTML = msg2;
  }

}

function toggleAllBoxes() {
  if (document.getElementsByTagName) {
    d = document.getElementsByTagName('div');
    for (i = 0; i < d.length; i++) {
      if (d[i].className == 'log') {
        flip(d[i]);
      }
    }
  }
}

// -->
</script>

</head>
<body>
<h2 align='center'>ApiLoginTest</h2><table border='1' align="center">
<tr>
<td>Tests passed/Failed/Skipped:</td><td>0/5/0</td>
</tr><tr>
<td>Started on:</td><td>Fri Sep 17 16:26:43 CST 2021</td>
</tr>
<tr><td>Total time:</td><td>0 seconds (910 ms)</td>
</tr><tr>
<td>Included groups:</td><td></td>
</tr><tr>
<td>Excluded groups:</td><td></td>
</tr>
</table><p/>
<small><i>(Hover the method name to see the test class name)</i></small><p/>
<table width='100%' border='1' class='invocation-failed'>
<tr><td colspan='4' align='center'><b>FAILED TESTS</b></td></tr>
<tr><td><b>Test method</b></td>
<td width="30%"><b>Exception</b></td>
<td width="10%"><b>Time (seconds)</b></td>
<td><b>Instance</b></td>
</tr>
<tr>
<td title='com.qa.api.testcases.LoginTest.loginTest()'><b>loginTest</b><br>Test class: com.qa.api.testcases.LoginTest<br>Parameters: org.testng.TestRunner@24959ca4, , , 用户名密码都为空时<br/>
<a href="#Output-1948810915" onClick='toggleBox("Output-1948810915", this, "Show output", "Hide output");'>Show output</a>

<a href="#Output-1948810915" onClick="toggleAllBoxes();">Show all outputs</a>
<div class='log' id="Output-1948810915">
[electronicCustomizationAutoTest&nbsp;2021-09-17 星期五 16:26:43]&nbsp;&nbsp;开始调用<b>loginTest</b>函数(ApiLogin::ApiLoginTest::com.qa.api.testcases.LoginTest)<br/>
[electronicCustomizationAutoTest&nbsp;2021-09-17 星期五 16:26:44]&nbsp;&nbsp;<b>loginTest</b>函数调用结束<br/>
</div>
</td>
<td><div><pre>java.lang.AssertionError: expected [200] but found [404]
	at com.qa.util.HttpClientUtil.httpPostCookieUtil(HttpClientUtil.java:506)
	at com.qa.api.testcases.LoginTest.login(LoginTest.java:48)
	at com.qa.api.testcases.LoginTest.loginTest(LoginTest.java:19)
... Removed 31 stack frames</pre></div><a href='#' onClick='toggleBox("stack-trace1948810915", this, "Click to show all stack frames", "Click to hide stack frames")'>Click to show all stack frames</a>
<div class='stack-trace' id='stack-trace1948810915'><pre>java.lang.AssertionError: expected [200] but found [404]
	at org.testng.Assert.fail(Assert.java:96)
	at org.testng.Assert.failNotEquals(Assert.java:776)
	at org.testng.Assert.assertEqualsImpl(Assert.java:137)
	at org.testng.Assert.assertEquals(Assert.java:118)
	at org.testng.Assert.assertEquals(Assert.java:453)
	at org.testng.Assert.assertEquals(Assert.java:463)
	at com.qa.util.HttpClientUtil.httpPostCookieUtil(HttpClientUtil.java:506)
	at com.qa.api.testcases.LoginTest.login(LoginTest.java:48)
	at com.qa.api.testcases.LoginTest.loginTest(LoginTest.java:19)
	at java.base/jdk.internal.reflect.NativeMethodAccessorImpl.invoke0(Native Method)
	at java.base/jdk.internal.reflect.NativeMethodAccessorImpl.invoke(Unknown Source)
	at java.base/jdk.internal.reflect.DelegatingMethodAccessorImpl.invoke(Unknown Source)
	at java.base/java.lang.reflect.Method.invoke(Unknown Source)
	at org.testng.internal.MethodInvocationHelper.invokeMethod(MethodInvocationHelper.java:124)
	at org.testng.internal.Invoker.invokeMethod(Invoker.java:583)
	at org.testng.internal.Invoker.invokeTestMethod(Invoker.java:719)
	at org.testng.internal.Invoker.invokeTestMethods(Invoker.java:989)
	at org.testng.internal.TestMethodWorker.invokeTestMethods(TestMethodWorker.java:125)
	at org.testng.internal.TestMethodWorker.run(TestMethodWorker.java:109)
	at org.testng.TestRunner.privateRun(TestRunner.java:648)
	at org.testng.TestRunner.run(TestRunner.java:505)
	at org.testng.SuiteRunner.runTest(SuiteRunner.java:455)
	at org.testng.SuiteRunner.runSequentially(SuiteRunner.java:450)
	at org.testng.SuiteRunner.privateRun(SuiteRunner.java:415)
	at org.testng.SuiteRunner.run(SuiteRunner.java:364)
	at org.testng.SuiteRunnerWorker.runSuite(SuiteRunnerWorker.java:52)
	at org.testng.SuiteRunnerWorker.run(SuiteRunnerWorker.java:84)
	at org.testng.TestNG.runSuitesSequentially(TestNG.java:1208)
	at org.testng.TestNG.runSuitesLocally(TestNG.java:1137)
	at org.testng.TestNG.runSuites(TestNG.java:1049)
	at org.testng.TestNG.run(TestNG.java:1017)
	at org.testng.remote.AbstractRemoteTestNG.run(AbstractRemoteTestNG.java:115)
	at org.testng.remote.RemoteTestNG.initAndRun(RemoteTestNG.java:251)
	at org.testng.remote.RemoteTestNG.main(RemoteTestNG.java:77)
</pre></div></td>
<td>0</td>
<td>com.qa.api.testcases.LoginTest@413d1baf</td></tr>
<tr>
<td title='com.qa.api.testcases.LoginTest.loginTest()'><b>loginTest</b><br>Test class: com.qa.api.testcases.LoginTest<br>Parameters: org.testng.TestRunner@24959ca4, 18937165373, , 用户名输入密码不输入<br/>
<a href="#Output-452364286" onClick='toggleBox("Output-452364286", this, "Show output", "Hide output");'>Show output</a>

<a href="#Output-452364286" onClick="toggleAllBoxes();">Show all outputs</a>
<div class='log' id="Output-452364286">
[electronicCustomizationAutoTest&nbsp;2021-09-17 星期五 16:26:44]&nbsp;&nbsp;开始调用<b>loginTest</b>函数(ApiLogin::ApiLoginTest::com.qa.api.testcases.LoginTest)<br/>
[electronicCustomizationAutoTest&nbsp;2021-09-17 星期五 16:26:44]&nbsp;&nbsp;<b>loginTest</b>函数调用结束<br/>
</div>
</td>
<td><div><pre>java.lang.AssertionError: expected [200] but found [404]
	at com.qa.util.HttpClientUtil.httpPostCookieUtil(HttpClientUtil.java:506)
	at com.qa.api.testcases.LoginTest.login(LoginTest.java:48)
	at com.qa.api.testcases.LoginTest.loginTest(LoginTest.java:19)
... Removed 31 stack frames</pre></div><a href='#' onClick='toggleBox("stack-trace452364286", this, "Click to show all stack frames", "Click to hide stack frames")'>Click to show all stack frames</a>
<div class='stack-trace' id='stack-trace452364286'><pre>java.lang.AssertionError: expected [200] but found [404]
	at org.testng.Assert.fail(Assert.java:96)
	at org.testng.Assert.failNotEquals(Assert.java:776)
	at org.testng.Assert.assertEqualsImpl(Assert.java:137)
	at org.testng.Assert.assertEquals(Assert.java:118)
	at org.testng.Assert.assertEquals(Assert.java:453)
	at org.testng.Assert.assertEquals(Assert.java:463)
	at com.qa.util.HttpClientUtil.httpPostCookieUtil(HttpClientUtil.java:506)
	at com.qa.api.testcases.LoginTest.login(LoginTest.java:48)
	at com.qa.api.testcases.LoginTest.loginTest(LoginTest.java:19)
	at java.base/jdk.internal.reflect.NativeMethodAccessorImpl.invoke0(Native Method)
	at java.base/jdk.internal.reflect.NativeMethodAccessorImpl.invoke(Unknown Source)
	at java.base/jdk.internal.reflect.DelegatingMethodAccessorImpl.invoke(Unknown Source)
	at java.base/java.lang.reflect.Method.invoke(Unknown Source)
	at org.testng.internal.MethodInvocationHelper.invokeMethod(MethodInvocationHelper.java:124)
	at org.testng.internal.Invoker.invokeMethod(Invoker.java:583)
	at org.testng.internal.Invoker.invokeTestMethod(Invoker.java:719)
	at org.testng.internal.Invoker.invokeTestMethods(Invoker.java:989)
	at org.testng.internal.TestMethodWorker.invokeTestMethods(TestMethodWorker.java:125)
	at org.testng.internal.TestMethodWorker.run(TestMethodWorker.java:109)
	at org.testng.TestRunner.privateRun(TestRunner.java:648)
	at org.testng.TestRunner.run(TestRunner.java:505)
	at org.testng.SuiteRunner.runTest(SuiteRunner.java:455)
	at org.testng.SuiteRunner.runSequentially(SuiteRunner.java:450)
	at org.testng.SuiteRunner.privateRun(SuiteRunner.java:415)
	at org.testng.SuiteRunner.run(SuiteRunner.java:364)
	at org.testng.SuiteRunnerWorker.runSuite(SuiteRunnerWorker.java:52)
	at org.testng.SuiteRunnerWorker.run(SuiteRunnerWorker.java:84)
	at org.testng.TestNG.runSuitesSequentially(TestNG.java:1208)
	at org.testng.TestNG.runSuitesLocally(TestNG.java:1137)
	at org.testng.TestNG.runSuites(TestNG.java:1049)
	at org.testng.TestNG.run(TestNG.java:1017)
	at org.testng.remote.AbstractRemoteTestNG.run(AbstractRemoteTestNG.java:115)
	at org.testng.remote.RemoteTestNG.initAndRun(RemoteTestNG.java:251)
	at org.testng.remote.RemoteTestNG.main(RemoteTestNG.java:77)
</pre></div></td>
<td>0</td>
<td>com.qa.api.testcases.LoginTest@413d1baf</td></tr>
<tr>
<td title='com.qa.api.testcases.LoginTest.loginTest()'><b>loginTest</b><br>Test class: com.qa.api.testcases.LoginTest<br>Parameters: org.testng.TestRunner@24959ca4, , qwe12345, 用户名不输入密码输入<br/>
<a href="#Output-594858858" onClick='toggleBox("Output-594858858", this, "Show output", "Hide output");'>Show output</a>

<a href="#Output-594858858" onClick="toggleAllBoxes();">Show all outputs</a>
<div class='log' id="Output-594858858">
[electronicCustomizationAutoTest&nbsp;2021-09-17 星期五 16:26:44]&nbsp;&nbsp;开始调用<b>loginTest</b>函数(ApiLogin::ApiLoginTest::com.qa.api.testcases.LoginTest)<br/>
[electronicCustomizationAutoTest&nbsp;2021-09-17 星期五 16:26:44]&nbsp;&nbsp;<b>loginTest</b>函数调用结束<br/>
</div>
</td>
<td><div><pre>java.lang.AssertionError: expected [200] but found [404]
	at com.qa.util.HttpClientUtil.httpPostCookieUtil(HttpClientUtil.java:506)
	at com.qa.api.testcases.LoginTest.login(LoginTest.java:48)
	at com.qa.api.testcases.LoginTest.loginTest(LoginTest.java:19)
... Removed 31 stack frames</pre></div><a href='#' onClick='toggleBox("stack-trace594858858", this, "Click to show all stack frames", "Click to hide stack frames")'>Click to show all stack frames</a>
<div class='stack-trace' id='stack-trace594858858'><pre>java.lang.AssertionError: expected [200] but found [404]
	at org.testng.Assert.fail(Assert.java:96)
	at org.testng.Assert.failNotEquals(Assert.java:776)
	at org.testng.Assert.assertEqualsImpl(Assert.java:137)
	at org.testng.Assert.assertEquals(Assert.java:118)
	at org.testng.Assert.assertEquals(Assert.java:453)
	at org.testng.Assert.assertEquals(Assert.java:463)
	at com.qa.util.HttpClientUtil.httpPostCookieUtil(HttpClientUtil.java:506)
	at com.qa.api.testcases.LoginTest.login(LoginTest.java:48)
	at com.qa.api.testcases.LoginTest.loginTest(LoginTest.java:19)
	at java.base/jdk.internal.reflect.NativeMethodAccessorImpl.invoke0(Native Method)
	at java.base/jdk.internal.reflect.NativeMethodAccessorImpl.invoke(Unknown Source)
	at java.base/jdk.internal.reflect.DelegatingMethodAccessorImpl.invoke(Unknown Source)
	at java.base/java.lang.reflect.Method.invoke(Unknown Source)
	at org.testng.internal.MethodInvocationHelper.invokeMethod(MethodInvocationHelper.java:124)
	at org.testng.internal.Invoker.invokeMethod(Invoker.java:583)
	at org.testng.internal.Invoker.invokeTestMethod(Invoker.java:719)
	at org.testng.internal.Invoker.invokeTestMethods(Invoker.java:989)
	at org.testng.internal.TestMethodWorker.invokeTestMethods(TestMethodWorker.java:125)
	at org.testng.internal.TestMethodWorker.run(TestMethodWorker.java:109)
	at org.testng.TestRunner.privateRun(TestRunner.java:648)
	at org.testng.TestRunner.run(TestRunner.java:505)
	at org.testng.SuiteRunner.runTest(SuiteRunner.java:455)
	at org.testng.SuiteRunner.runSequentially(SuiteRunner.java:450)
	at org.testng.SuiteRunner.privateRun(SuiteRunner.java:415)
	at org.testng.SuiteRunner.run(SuiteRunner.java:364)
	at org.testng.SuiteRunnerWorker.runSuite(SuiteRunnerWorker.java:52)
	at org.testng.SuiteRunnerWorker.run(SuiteRunnerWorker.java:84)
	at org.testng.TestNG.runSuitesSequentially(TestNG.java:1208)
	at org.testng.TestNG.runSuitesLocally(TestNG.java:1137)
	at org.testng.TestNG.runSuites(TestNG.java:1049)
	at org.testng.TestNG.run(TestNG.java:1017)
	at org.testng.remote.AbstractRemoteTestNG.run(AbstractRemoteTestNG.java:115)
	at org.testng.remote.RemoteTestNG.initAndRun(RemoteTestNG.java:251)
	at org.testng.remote.RemoteTestNG.main(RemoteTestNG.java:77)
</pre></div></td>
<td>0</td>
<td>com.qa.api.testcases.LoginTest@413d1baf</td></tr>
<tr>
<td title='com.qa.api.testcases.LoginTest.loginTest()'><b>loginTest</b><br>Test class: com.qa.api.testcases.LoginTest<br>Parameters: org.testng.TestRunner@24959ca4, 18937165373, 123, 用户名正确密码错误<br/>
<a href="#Output-440736059" onClick='toggleBox("Output-440736059", this, "Show output", "Hide output");'>Show output</a>

<a href="#Output-440736059" onClick="toggleAllBoxes();">Show all outputs</a>
<div class='log' id="Output-440736059">
[electronicCustomizationAutoTest&nbsp;2021-09-17 星期五 16:26:44]&nbsp;&nbsp;开始调用<b>loginTest</b>函数(ApiLogin::ApiLoginTest::com.qa.api.testcases.LoginTest)<br/>
[electronicCustomizationAutoTest&nbsp;2021-09-17 星期五 16:26:44]&nbsp;&nbsp;<b>loginTest</b>函数调用结束<br/>
</div>
</td>
<td><div><pre>java.lang.AssertionError: expected [200] but found [404]
	at com.qa.util.HttpClientUtil.httpPostCookieUtil(HttpClientUtil.java:506)
	at com.qa.api.testcases.LoginTest.login(LoginTest.java:48)
	at com.qa.api.testcases.LoginTest.loginTest(LoginTest.java:19)
... Removed 31 stack frames</pre></div><a href='#' onClick='toggleBox("stack-trace440736059", this, "Click to show all stack frames", "Click to hide stack frames")'>Click to show all stack frames</a>
<div class='stack-trace' id='stack-trace440736059'><pre>java.lang.AssertionError: expected [200] but found [404]
	at org.testng.Assert.fail(Assert.java:96)
	at org.testng.Assert.failNotEquals(Assert.java:776)
	at org.testng.Assert.assertEqualsImpl(Assert.java:137)
	at org.testng.Assert.assertEquals(Assert.java:118)
	at org.testng.Assert.assertEquals(Assert.java:453)
	at org.testng.Assert.assertEquals(Assert.java:463)
	at com.qa.util.HttpClientUtil.httpPostCookieUtil(HttpClientUtil.java:506)
	at com.qa.api.testcases.LoginTest.login(LoginTest.java:48)
	at com.qa.api.testcases.LoginTest.loginTest(LoginTest.java:19)
	at java.base/jdk.internal.reflect.NativeMethodAccessorImpl.invoke0(Native Method)
	at java.base/jdk.internal.reflect.NativeMethodAccessorImpl.invoke(Unknown Source)
	at java.base/jdk.internal.reflect.DelegatingMethodAccessorImpl.invoke(Unknown Source)
	at java.base/java.lang.reflect.Method.invoke(Unknown Source)
	at org.testng.internal.MethodInvocationHelper.invokeMethod(MethodInvocationHelper.java:124)
	at org.testng.internal.Invoker.invokeMethod(Invoker.java:583)
	at org.testng.internal.Invoker.invokeTestMethod(Invoker.java:719)
	at org.testng.internal.Invoker.invokeTestMethods(Invoker.java:989)
	at org.testng.internal.TestMethodWorker.invokeTestMethods(TestMethodWorker.java:125)
	at org.testng.internal.TestMethodWorker.run(TestMethodWorker.java:109)
	at org.testng.TestRunner.privateRun(TestRunner.java:648)
	at org.testng.TestRunner.run(TestRunner.java:505)
	at org.testng.SuiteRunner.runTest(SuiteRunner.java:455)
	at org.testng.SuiteRunner.runSequentially(SuiteRunner.java:450)
	at org.testng.SuiteRunner.privateRun(SuiteRunner.java:415)
	at org.testng.SuiteRunner.run(SuiteRunner.java:364)
	at org.testng.SuiteRunnerWorker.runSuite(SuiteRunnerWorker.java:52)
	at org.testng.SuiteRunnerWorker.run(SuiteRunnerWorker.java:84)
	at org.testng.TestNG.runSuitesSequentially(TestNG.java:1208)
	at org.testng.TestNG.runSuitesLocally(TestNG.java:1137)
	at org.testng.TestNG.runSuites(TestNG.java:1049)
	at org.testng.TestNG.run(TestNG.java:1017)
	at org.testng.remote.AbstractRemoteTestNG.run(AbstractRemoteTestNG.java:115)
	at org.testng.remote.RemoteTestNG.initAndRun(RemoteTestNG.java:251)
	at org.testng.remote.RemoteTestNG.main(RemoteTestNG.java:77)
</pre></div></td>
<td>0</td>
<td>com.qa.api.testcases.LoginTest@413d1baf</td></tr>
<tr>
<td title='com.qa.api.testcases.LoginTest.loginTest()'><b>loginTest</b><br>Test class: com.qa.api.testcases.LoginTest<br>Parameters: org.testng.TestRunner@24959ca4, 18937165373, qwe12345, 用户名密码都正确<br/>
<a href="#Output-1814423236" onClick='toggleBox("Output-1814423236", this, "Show output", "Hide output");'>Show output</a>

<a href="#Output-1814423236" onClick="toggleAllBoxes();">Show all outputs</a>
<div class='log' id="Output-1814423236">
[electronicCustomizationAutoTest&nbsp;2021-09-17 星期五 16:26:44]&nbsp;&nbsp;开始调用<b>loginTest</b>函数(ApiLogin::ApiLoginTest::com.qa.api.testcases.LoginTest)<br/>
[electronicCustomizationAutoTest&nbsp;2021-09-17 星期五 16:26:44]&nbsp;&nbsp;<b>loginTest</b>函数调用结束<br/>
</div>
</td>
<td><div><pre>java.lang.AssertionError: expected [200] but found [404]
	at com.qa.util.HttpClientUtil.httpPostCookieUtil(HttpClientUtil.java:506)
	at com.qa.api.testcases.LoginTest.login(LoginTest.java:48)
	at com.qa.api.testcases.LoginTest.loginTest(LoginTest.java:19)
... Removed 31 stack frames</pre></div><a href='#' onClick='toggleBox("stack-trace1814423236", this, "Click to show all stack frames", "Click to hide stack frames")'>Click to show all stack frames</a>
<div class='stack-trace' id='stack-trace1814423236'><pre>java.lang.AssertionError: expected [200] but found [404]
	at org.testng.Assert.fail(Assert.java:96)
	at org.testng.Assert.failNotEquals(Assert.java:776)
	at org.testng.Assert.assertEqualsImpl(Assert.java:137)
	at org.testng.Assert.assertEquals(Assert.java:118)
	at org.testng.Assert.assertEquals(Assert.java:453)
	at org.testng.Assert.assertEquals(Assert.java:463)
	at com.qa.util.HttpClientUtil.httpPostCookieUtil(HttpClientUtil.java:506)
	at com.qa.api.testcases.LoginTest.login(LoginTest.java:48)
	at com.qa.api.testcases.LoginTest.loginTest(LoginTest.java:19)
	at java.base/jdk.internal.reflect.NativeMethodAccessorImpl.invoke0(Native Method)
	at java.base/jdk.internal.reflect.NativeMethodAccessorImpl.invoke(Unknown Source)
	at java.base/jdk.internal.reflect.DelegatingMethodAccessorImpl.invoke(Unknown Source)
	at java.base/java.lang.reflect.Method.invoke(Unknown Source)
	at org.testng.internal.MethodInvocationHelper.invokeMethod(MethodInvocationHelper.java:124)
	at org.testng.internal.Invoker.invokeMethod(Invoker.java:583)
	at org.testng.internal.Invoker.invokeTestMethod(Invoker.java:719)
	at org.testng.internal.Invoker.invokeTestMethods(Invoker.java:989)
	at org.testng.internal.TestMethodWorker.invokeTestMethods(TestMethodWorker.java:125)
	at org.testng.internal.TestMethodWorker.run(TestMethodWorker.java:109)
	at org.testng.TestRunner.privateRun(TestRunner.java:648)
	at org.testng.TestRunner.run(TestRunner.java:505)
	at org.testng.SuiteRunner.runTest(SuiteRunner.java:455)
	at org.testng.SuiteRunner.runSequentially(SuiteRunner.java:450)
	at org.testng.SuiteRunner.privateRun(SuiteRunner.java:415)
	at org.testng.SuiteRunner.run(SuiteRunner.java:364)
	at org.testng.SuiteRunnerWorker.runSuite(SuiteRunnerWorker.java:52)
	at org.testng.SuiteRunnerWorker.run(SuiteRunnerWorker.java:84)
	at org.testng.TestNG.runSuitesSequentially(TestNG.java:1208)
	at org.testng.TestNG.runSuitesLocally(TestNG.java:1137)
	at org.testng.TestNG.runSuites(TestNG.java:1049)
	at org.testng.TestNG.run(TestNG.java:1017)
	at org.testng.remote.AbstractRemoteTestNG.run(AbstractRemoteTestNG.java:115)
	at org.testng.remote.RemoteTestNG.initAndRun(RemoteTestNG.java:251)
	at org.testng.remote.RemoteTestNG.main(RemoteTestNG.java:77)
</pre></div></td>
<td>0</td>
<td>com.qa.api.testcases.LoginTest@413d1baf</td></tr>
</table><p>
</body>
</html>